0 info it worked if it ends with ok
1 verbose cli [ 'c:\\Program Files\\nodejs\\node.exe',
1 verbose cli   'c:\\Program Files\\nodejs\\node_modules\\npm\\bin\\npm-cli.js',
1 verbose cli   'publish' ]
2 info using npm@1.3.21
3 info using node@v0.10.24
4 verbose publish [ '.' ]
5 verbose cache add [ '.', null ]
6 verbose cache add name=undefined spec="." args=[".",null]
7 verbose parsed url { protocol: null,
7 verbose parsed url   slashes: null,
7 verbose parsed url   auth: null,
7 verbose parsed url   host: null,
7 verbose parsed url   port: null,
7 verbose parsed url   hostname: null,
7 verbose parsed url   hash: null,
7 verbose parsed url   search: null,
7 verbose parsed url   query: null,
7 verbose parsed url   pathname: '.',
7 verbose parsed url   path: '.',
7 verbose parsed url   href: '.' }
8 silly lockFile 3a52ce78- .
9 verbose lock . C:\Users\Mikeumus\AppData\Roaming\npm-cache\3a52ce78-.lock
10 verbose tar pack [ 'C:\\Users\\Mikeumus\\AppData\\Local\\Temp\\npm-7732-T_ADIbuj\\1390512575986-0.1902008824981749\\tmp.tgz',
10 verbose tar pack   '.' ]
11 verbose tarball C:\Users\Mikeumus\AppData\Local\Temp\npm-7732-T_ADIbuj\1390512575986-0.1902008824981749\tmp.tgz
12 verbose folder .
13 info prepublish docpad-plugin-iconmonstrtipsy@2.0.14
14 silly lockFile 1f1177db-tar tar://.
15 verbose lock tar://. C:\Users\Mikeumus\AppData\Roaming\npm-cache\1f1177db-tar.lock
16 silly lockFile 7c85daa7-75986-0-1902008824981749-tmp-tgz tar://C:\Users\Mikeumus\AppData\Local\Temp\npm-7732-T_ADIbuj\1390512575986-0.1902008824981749\tmp.tgz
17 verbose lock tar://C:\Users\Mikeumus\AppData\Local\Temp\npm-7732-T_ADIbuj\1390512575986-0.1902008824981749\tmp.tgz C:\Users\Mikeumus\AppData\Roaming\npm-cache\7c85daa7-75986-0-1902008824981749-tmp-tgz.lock
18 silly lockFile 1f1177db-tar tar://.
19 silly lockFile 1f1177db-tar tar://.
20 silly lockFile 7c85daa7-75986-0-1902008824981749-tmp-tgz tar://C:\Users\Mikeumus\AppData\Local\Temp\npm-7732-T_ADIbuj\1390512575986-0.1902008824981749\tmp.tgz
21 silly lockFile 7c85daa7-75986-0-1902008824981749-tmp-tgz tar://C:\Users\Mikeumus\AppData\Local\Temp\npm-7732-T_ADIbuj\1390512575986-0.1902008824981749\tmp.tgz
22 verbose tar unpack C:\Users\Mikeumus\AppData\Local\Temp\npm-7732-T_ADIbuj\1390512575986-0.1902008824981749\tmp.tgz
23 silly lockFile e740deb4-75986-0-1902008824981749-package tar://C:\Users\Mikeumus\AppData\Local\Temp\npm-7732-T_ADIbuj\1390512575986-0.1902008824981749\package
24 verbose lock tar://C:\Users\Mikeumus\AppData\Local\Temp\npm-7732-T_ADIbuj\1390512575986-0.1902008824981749\package C:\Users\Mikeumus\AppData\Roaming\npm-cache\e740deb4-75986-0-1902008824981749-package.lock
25 silly lockFile 7c85daa7-75986-0-1902008824981749-tmp-tgz tar://C:\Users\Mikeumus\AppData\Local\Temp\npm-7732-T_ADIbuj\1390512575986-0.1902008824981749\tmp.tgz
26 verbose lock tar://C:\Users\Mikeumus\AppData\Local\Temp\npm-7732-T_ADIbuj\1390512575986-0.1902008824981749\tmp.tgz C:\Users\Mikeumus\AppData\Roaming\npm-cache\7c85daa7-75986-0-1902008824981749-tmp-tgz.lock
27 silly gunzTarPerm modes [ '755', '644' ]
28 silly gunzTarPerm extractEntry package.json
29 silly gunzTarPerm modified mode [ 'package.json', 438, 420 ]
30 silly gunzTarPerm extractEntry iconmonstrtipsy.plugin.coffee
31 silly gunzTarPerm modified mode [ 'iconmonstrtipsy.plugin.coffee', 438, 420 ]
32 silly gunzTarPerm extractEntry readme.md
33 silly gunzTarPerm modified mode [ 'readme.md', 438, 420 ]
34 silly lockFile e740deb4-75986-0-1902008824981749-package tar://C:\Users\Mikeumus\AppData\Local\Temp\npm-7732-T_ADIbuj\1390512575986-0.1902008824981749\package
35 silly lockFile e740deb4-75986-0-1902008824981749-package tar://C:\Users\Mikeumus\AppData\Local\Temp\npm-7732-T_ADIbuj\1390512575986-0.1902008824981749\package
36 silly lockFile 7c85daa7-75986-0-1902008824981749-tmp-tgz tar://C:\Users\Mikeumus\AppData\Local\Temp\npm-7732-T_ADIbuj\1390512575986-0.1902008824981749\tmp.tgz
37 silly lockFile 7c85daa7-75986-0-1902008824981749-tmp-tgz tar://C:\Users\Mikeumus\AppData\Local\Temp\npm-7732-T_ADIbuj\1390512575986-0.1902008824981749\tmp.tgz
38 verbose tar pack [ 'C:\\Users\\Mikeumus\\AppData\\Roaming\\npm-cache\\docpad-plugin-iconmonstrtipsy\\2.0.14\\package.tgz',
38 verbose tar pack   'C:\\Users\\Mikeumus\\AppData\\Local\\Temp\\npm-7732-T_ADIbuj\\1390512575986-0.1902008824981749\\package' ]
39 verbose tarball C:\Users\Mikeumus\AppData\Roaming\npm-cache\docpad-plugin-iconmonstrtipsy\2.0.14\package.tgz
40 verbose folder C:\Users\Mikeumus\AppData\Local\Temp\npm-7732-T_ADIbuj\1390512575986-0.1902008824981749\package
41 silly lockFile e740deb4-75986-0-1902008824981749-package tar://C:\Users\Mikeumus\AppData\Local\Temp\npm-7732-T_ADIbuj\1390512575986-0.1902008824981749\package
42 verbose lock tar://C:\Users\Mikeumus\AppData\Local\Temp\npm-7732-T_ADIbuj\1390512575986-0.1902008824981749\package C:\Users\Mikeumus\AppData\Roaming\npm-cache\e740deb4-75986-0-1902008824981749-package.lock
43 silly lockFile cfe593a2-onmonstrtipsy-2-0-14-package-tgz tar://C:\Users\Mikeumus\AppData\Roaming\npm-cache\docpad-plugin-iconmonstrtipsy\2.0.14\package.tgz
44 verbose lock tar://C:\Users\Mikeumus\AppData\Roaming\npm-cache\docpad-plugin-iconmonstrtipsy\2.0.14\package.tgz C:\Users\Mikeumus\AppData\Roaming\npm-cache\cfe593a2-onmonstrtipsy-2-0-14-package-tgz.lock
45 silly lockFile e740deb4-75986-0-1902008824981749-package tar://C:\Users\Mikeumus\AppData\Local\Temp\npm-7732-T_ADIbuj\1390512575986-0.1902008824981749\package
46 silly lockFile e740deb4-75986-0-1902008824981749-package tar://C:\Users\Mikeumus\AppData\Local\Temp\npm-7732-T_ADIbuj\1390512575986-0.1902008824981749\package
47 silly lockFile cfe593a2-onmonstrtipsy-2-0-14-package-tgz tar://C:\Users\Mikeumus\AppData\Roaming\npm-cache\docpad-plugin-iconmonstrtipsy\2.0.14\package.tgz
48 silly lockFile cfe593a2-onmonstrtipsy-2-0-14-package-tgz tar://C:\Users\Mikeumus\AppData\Roaming\npm-cache\docpad-plugin-iconmonstrtipsy\2.0.14\package.tgz
49 silly lockFile 1e9e1d5f-n-iconmonstrtipsy-2-0-14-package C:\Users\Mikeumus\AppData\Roaming\npm-cache\docpad-plugin-iconmonstrtipsy\2.0.14\package
50 verbose lock C:\Users\Mikeumus\AppData\Roaming\npm-cache\docpad-plugin-iconmonstrtipsy\2.0.14\package C:\Users\Mikeumus\AppData\Roaming\npm-cache\1e9e1d5f-n-iconmonstrtipsy-2-0-14-package.lock
51 silly lockFile 1e9e1d5f-n-iconmonstrtipsy-2-0-14-package C:\Users\Mikeumus\AppData\Roaming\npm-cache\docpad-plugin-iconmonstrtipsy\2.0.14\package
52 silly lockFile 1e9e1d5f-n-iconmonstrtipsy-2-0-14-package C:\Users\Mikeumus\AppData\Roaming\npm-cache\docpad-plugin-iconmonstrtipsy\2.0.14\package
53 verbose tar unpack C:\Users\Mikeumus\AppData\Roaming\npm-cache\docpad-plugin-iconmonstrtipsy\2.0.14\package.tgz
54 silly lockFile e72ec983-n-iconmonstrtipsy-2-0-14-package tar://C:\Users\Mikeumus\AppData\Roaming\npm-cache\docpad-plugin-iconmonstrtipsy\2.0.14\package
55 verbose lock tar://C:\Users\Mikeumus\AppData\Roaming\npm-cache\docpad-plugin-iconmonstrtipsy\2.0.14\package C:\Users\Mikeumus\AppData\Roaming\npm-cache\e72ec983-n-iconmonstrtipsy-2-0-14-package.lock
56 silly lockFile cfe593a2-onmonstrtipsy-2-0-14-package-tgz tar://C:\Users\Mikeumus\AppData\Roaming\npm-cache\docpad-plugin-iconmonstrtipsy\2.0.14\package.tgz
57 verbose lock tar://C:\Users\Mikeumus\AppData\Roaming\npm-cache\docpad-plugin-iconmonstrtipsy\2.0.14\package.tgz C:\Users\Mikeumus\AppData\Roaming\npm-cache\cfe593a2-onmonstrtipsy-2-0-14-package-tgz.lock
58 silly gunzTarPerm modes [ '755', '644' ]
59 silly gunzTarPerm extractEntry package.json
60 silly gunzTarPerm modified mode [ 'package.json', 438, 420 ]
61 silly gunzTarPerm extractEntry iconmonstrtipsy.plugin.coffee
62 silly gunzTarPerm modified mode [ 'iconmonstrtipsy.plugin.coffee', 438, 420 ]
63 silly gunzTarPerm extractEntry readme.md
64 silly gunzTarPerm modified mode [ 'readme.md', 438, 420 ]
65 silly lockFile e72ec983-n-iconmonstrtipsy-2-0-14-package tar://C:\Users\Mikeumus\AppData\Roaming\npm-cache\docpad-plugin-iconmonstrtipsy\2.0.14\package
66 silly lockFile e72ec983-n-iconmonstrtipsy-2-0-14-package tar://C:\Users\Mikeumus\AppData\Roaming\npm-cache\docpad-plugin-iconmonstrtipsy\2.0.14\package
67 silly lockFile cfe593a2-onmonstrtipsy-2-0-14-package-tgz tar://C:\Users\Mikeumus\AppData\Roaming\npm-cache\docpad-plugin-iconmonstrtipsy\2.0.14\package.tgz
68 silly lockFile cfe593a2-onmonstrtipsy-2-0-14-package-tgz tar://C:\Users\Mikeumus\AppData\Roaming\npm-cache\docpad-plugin-iconmonstrtipsy\2.0.14\package.tgz
69 verbose chmod C:\Users\Mikeumus\AppData\Roaming\npm-cache\docpad-plugin-iconmonstrtipsy\2.0.14\package.tgz 644
70 silly chown skipping for windows C:\Users\Mikeumus\AppData\Roaming\npm-cache\docpad-plugin-iconmonstrtipsy\2.0.14\package.tgz
71 silly lockFile 3a52ce78- .
72 silly lockFile 3a52ce78- .
73 silly publish { name: 'docpad-plugin-iconmonstrtipsy',
73 silly publish   version: '2.0.14',
73 silly publish   description: 'Eco iconmonstr SVG icons as functions for Docpad via getBlock() codes, plus a tooltip argument!',
73 silly publish   homepage: 'https://github.com/mikeumus/docpad-plugin-iconmonstrtipsy.git',
73 silly publish   keywords:
73 silly publish    [ 'docpad',
73 silly publish      'docpad-plugin',
73 silly publish      'iconmonstr',
73 silly publish      'svg',
73 silly publish      'svg icon',
73 silly publish      'svgs',
73 silly publish      'icons',
73 silly publish      'tipsy',
73 silly publish      'tip',
73 silly publish      'tipsy-component',
73 silly publish      'tipsy',
73 silly publish      'tooltip' ],
73 silly publish   author: { name: 'MDM Inc', email: 'sales@mdm.cc', url: 'http://mdm.cm' },
73 silly publish   maintainers:
73 silly publish    [ { name: 'Michael Mooring',
73 silly publish        email: 'mike@mdm.cm',
73 silly publish        url: 'http://mdm.cm' } ],
73 silly publish   contributors:
73 silly publish    [ { name: 'Michael Mooring',
73 silly publish        email: 'mike@mdm.cm',
73 silly publish        url: 'http://mdm.cm' } ],
73 silly publish   bugs: { url: 'https://github.com/mikeumus/docpad-plugin-iconmonstrtipsy.git/issues' },
73 silly publish   repository:
73 silly publish    { type: 'git',
73 silly publish      url: 'https://github.com/mikeumus/docpad-plugin-iconmonstrtipsy.git' },
73 silly publish   engines: { node: '>=0.8.x', docpad: '>=6.x' },
73 silly publish   dependencies: { yui: '>=3.11.0' },
73 silly publish   devDependencies: {},
73 silly publish   main: './iconmonstrtipsy.plugin.coffee',
73 silly publish   readmeFilename: 'readme.md',
73 silly publish   _id: 'docpad-plugin-iconmonstrtipsy@2.0.14',
73 silly publish   _from: '.',
73 silly publish   readme: '# iconmonstr + tipsy for DocPad\r\n### via Eco functions\r\n\r\n52 or so SVG icons in a eco function. \r\n![Alt text](https://googledrive.com/host/0B9LVk4xbDIJTSWVYcU5fb0RUVVk/iconmonstrs.png "Current icons available screenshot.")\r\n\r\nInstall:\r\n`docpad install iconmonstrtipsy`\r\n\r\nFunction:\r\ngetIconmonstrTipsyBlock(`iconName`,\'iconId`,`iconClass`,`tipsy`)\r\n\r\nReal world example:\r\n`<%- @getIconmonstrTipsyBlock(\'globe\',\'iconmonstr-head-id\',\'cool-class\',\'data-placement="right" data-content="Some more content here. This is my second tooltip."\') %>`\r\n\r\n### Required\r\n\r\nHave the following in your `/scripts/script.js` file or in it\'s own YUI javascript file:\r\n```\r\nYUI({\r\n        gallery: \'gallery-2013.03.27-22-06\'\r\n    }).use(\'gallery-tipsy\',\'gallery-popover\', function (Y) { \r\n        //Y.Popover is loaded and good to go.\r\n\r\n     var tipsy = new Y.Tipsy({\r\n        selector: "[rel=\'tipsy\']"\r\n    });\r\n\r\n    tipsy.render(); \r\n});\r\n```\r\n\r\nYUI 3 is a dependency for this plugin so no need to also load YUI as a script in `docpad.coffee`\'s `scripts: []` or otherwise. \r\n',
73 silly publish   dist: { shasum: 'a094a53377131be53814cee83e75078a95fd8d43' } }
74 error need auth auth and email required for publishing
74 error need auth You need to authorize this machine using `npm adduser`
75 error System Windows_NT 6.2.9200
76 error command "c:\\Program Files\\nodejs\\node.exe" "c:\\Program Files\\nodejs\\node_modules\\npm\\bin\\npm-cli.js" "publish"
77 error cwd c:\Users\Mikeumus\Desktop\MDM\Projects\MDM-Projects\Development\DocPad\Plugins\docpad-plugin-iconmonstrtipsy
78 error node -v v0.10.24
79 error npm -v 1.3.21
80 error code ENEEDAUTH
81 verbose exit [ 1, true ]
